18:00:21 INFO  : Registering command handlers for SDK TCF services
18:00:22 INFO  : Launching XSCT server: xsct.bat -interactive C:\Users\Blaz\Desktop\UPLOAD\NEURAL_NETWORK_XOR_CPU\NEURAL_NETWORK_XOR_CPU.sdk\temp_xsdb_launch_script.tcl
18:00:27 INFO  : XSCT server has started successfully.
18:00:32 INFO  : Successfully done setting XSCT server connection channel  
18:00:32 INFO  : Successfully done setting SDK workspace  
18:00:32 INFO  : Processing command line option -hwspec C:/Users/Blaz/Desktop/UPLOAD/NEURAL_NETWORK_XOR_CPU/NEURAL_NETWORK_XOR_CPU.sdk/design_1_wrapper.hdf.
18:12:51 INFO  : Connected to target on host '127.0.0.1' and port '3121'.
18:12:53 INFO  : 'targets -set -filter {jtag_cable_name =~ "Digilent Zybo 210279654463A" && level==0} -index 1' command is executed.
18:12:54 INFO  : FPGA configured successfully with bitstream "C:/Users/Blaz/Desktop/UPLOAD/NEURAL_NETWORK_XOR_CPU/NEURAL_NETWORK_XOR_CPU.sdk/design_1_wrapper_hw_platform_0/design_1_wrapper.bit"
18:13:11 INFO  : 'targets -set -filter {jtag_cable_name =~ "Digilent Zybo 210279654463A" && level==0} -index 1' command is executed.
18:13:11 INFO  : 'fpga -state' command is executed.
18:13:11 INFO  : Connected to target on host '127.0.0.1' and port '3121'.
18:13:11 INFO  : Jtag cable 'Digilent Zybo 210279654463A' is selected.
18:13:11 INFO  : 'jtag frequency' command is executed.
18:13:11 INFO  : Sourcing of 'C:/Users/Blaz/Desktop/UPLOAD/NEURAL_NETWORK_XOR_CPU/NEURAL_NETWORK_XOR_CPU.sdk/design_1_wrapper_hw_platform_0/ps7_init.tcl' is done.
18:13:12 INFO  : Context for 'APU' is selected.
18:13:12 INFO  : Hardware design information is loaded from 'C:/Users/Blaz/Desktop/UPLOAD/NEURAL_NETWORK_XOR_CPU/NEURAL_NETWORK_XOR_CPU.sdk/design_1_wrapper_hw_platform_0/system.hdf'.
18:13:12 INFO  : 'configparams force-mem-access 1' command is executed.
18:13:12 INFO  : Context for 'APU' is selected.
18:13:12 INFO  : 'stop' command is executed.
18:13:12 INFO  : 'ps7_init' command is executed.
18:13:12 INFO  : 'ps7_post_config' command is executed.
18:13:12 INFO  : Context for processor 'ps7_cortexa9_0' is selected.
18:13:12 INFO  : Processor reset is completed for 'ps7_cortexa9_0'.
18:13:12 INFO  : Context for processor 'ps7_cortexa9_0' is selected.
18:13:13 INFO  : The application 'C:/Users/Blaz/Desktop/UPLOAD/NEURAL_NETWORK_XOR_CPU/NEURAL_NETWORK_XOR_CPU.sdk/xor/Debug/xor.elf' is downloaded to processor 'ps7_cortexa9_0'.
18:13:13 INFO  : 'configparams force-mem-access 0' command is executed.
18:13:13 INFO  : ----------------XSDB Script----------------
connect -url tcp:127.0.0.1:3121
source C:/Users/Blaz/Desktop/UPLOAD/NEURAL_NETWORK_XOR_CPU/NEURAL_NETWORK_XOR_CPU.sdk/design_1_wrapper_hw_platform_0/ps7_init.tcl
targets -set -nocase -filter {name =~"APU*" && jtag_cable_name =~ "Digilent Zybo 210279654463A"} -index 0
loadhw -hw C:/Users/Blaz/Desktop/UPLOAD/NEURAL_NETWORK_XOR_CPU/NEURAL_NETWORK_XOR_CPU.sdk/design_1_wrapper_hw_platform_0/system.hdf -mem-ranges [list {0x40000000 0xbfffffff}]
configparams force-mem-access 1
targets -set -nocase -filter {name =~"APU*" && jtag_cable_name =~ "Digilent Zybo 210279654463A"} -index 0
stop
ps7_init
ps7_post_config
targets -set -nocase -filter {name =~ "ARM*#0" && jtag_cable_name =~ "Digilent Zybo 210279654463A"} -index 0
rst -processor
targets -set -nocase -filter {name =~ "ARM*#0" && jtag_cable_name =~ "Digilent Zybo 210279654463A"} -index 0
dow C:/Users/Blaz/Desktop/UPLOAD/NEURAL_NETWORK_XOR_CPU/NEURAL_NETWORK_XOR_CPU.sdk/xor/Debug/xor.elf
configparams force-mem-access 0
----------------End of Script----------------

18:13:13 INFO  : Memory regions updated for context APU
18:13:13 INFO  : Context for processor 'ps7_cortexa9_0' is selected.
18:13:13 INFO  : 'con' command is executed.
18:13:13 INFO  : ----------------XSDB Script (After Launch)----------------
targets -set -nocase -filter {name =~ "ARM*#0" && jtag_cable_name =~ "Digilent Zybo 210279654463A"} -index 0
con
----------------End of Script----------------

18:13:13 INFO  : Launch script is exported to file 'C:\Users\Blaz\Desktop\UPLOAD\NEURAL_NETWORK_XOR_CPU\NEURAL_NETWORK_XOR_CPU.sdk\.sdk\launch_scripts\xilinx_c-c++_application_(system_debugger)\system_debugger_using_debug_xor.elf_on_local.tcl'
18:13:34 INFO  : Disconnected from the channel tcfchan#1.
